#-----------------------------------------------------------
# Vivado v2019.1 (64-bit)
# SW Build 2552052 on Fri May 24 14:49:42 MDT 2019
# IP Build 2548770 on Fri May 24 18:01:18 MDT 2019
# Start of session at: Fri Jul 31 22:49:55 2020
# Process ID: 2364
# Current directory: C:/Users/sciencelight/vivado/my_project_try1
# Command line: vivado.exe -gui_launcher_event rodinguilauncherevent11712 C:\Users\sciencelight\vivado\my_project_try1\Camera_Demo.xpr
# Log file: C:/Users/sciencelight/vivado/my_project_try1/vivado.log
# Journal file: C:/Users/sciencelight/vivado/my_project_try1\vivado.jou
#-----------------------------------------------------------
start_gui
open_project C:/Users/sciencelight/vivado/my_project_try1/Camera_Demo.xpr
INFO: [Project 1-313] Project file moved from 'C:/Users/sciencelight/vivado/my_project' since last save.
CRITICAL WARNING: [Project 1-19] Could not find the file 'E:/FPGA-Demo-Project/Camera_Demo/tcl/Elimate_Constraints_Error.tcl'.
Scanning sources...
Finished scanning sources
WARNING: [filemgmt 56-3] IP Repository Path: Could not find the directory 'C:/Users/sciencelight/example/Examples/FPGA-IP/Frequency-Divider-IP/IP'.
WARNING: [filemgmt 56-3] IP Repository Path: Could not find the directory 'C:/Users/sciencelight/example/Examples/FPGA-IP/LED-IP/RGB-LED-Task-IP'.
INFO: [IP_Flow 19-234] Refreshing IP repositories
INFO: [IP_Flow 19-1700] Loaded user IP repository 'c:/Users/sciencelight/vivado/my_project_try1/IP_Core'.
WARNING: [IP_Flow 19-2248] Failed to load user IP repository 'c:/Users/sciencelight/example/Examples/FPGA-IP/Frequency-Divider-IP/IP'; Can't find the specified path.
If this directory should no longer be in your list of user repositories, go to the IP Settings dialog and remove it.
WARNING: [IP_Flow 19-2248] Failed to load user IP repository 'c:/Users/sciencelight/example/Examples/FPGA-IP/LED-IP/RGB-LED-Task-IP'; Can't find the specified path.
If this directory should no longer be in your list of user repositories, go to the IP Settings dialog and remove it.
INFO: [IP_Flow 19-2313] Loaded Vivado IP repository 'D:/xilinx/Vivado/2019.1/data/ip'.
WARNING: [IP_Flow 19-2162] IP 'Clk_Division_0' is locked:
* IP definition 'Clk_Division (1.0)' for IP 'Clk_Division_0' (customized with software release 2018.3) was not found in the IP Catalog.
WARNING: [IP_Flow 19-2162] IP 'Clk_Division_1' is locked:
* IP definition 'Clk_Division (1.0)' for IP 'Clk_Division_1' (customized with software release 2018.3) was not found in the IP Catalog.
open_project: Time (s): cpu = 00:00:25 ; elapsed = 00:00:14 . Memory (MB): peak = 733.816 ; gain = 136.879
update_compile_order -fileset sources_1
reset_run synth_1
launch_runs synth_1 -jobs 2
[Fri Jul 31 22:50:45 2020] Launched synth_1...
Run output will be captured here: C:/Users/sciencelight/vivado/my_project_try1/Camera_Demo.runs/synth_1/runme.log
reset_run synth_1
launch_runs synth_1 -jobs 2
[Fri Jul 31 23:03:53 2020] Launched synth_1...
Run output will be captured here: C:/Users/sciencelight/vivado/my_project_try1/Camera_Demo.runs/synth_1/runme.log
launch_runs impl_1 -jobs 2
[Fri Jul 31 23:06:28 2020] Launched impl_1...
Run output will be captured here: C:/Users/sciencelight/vivado/my_project_try1/Camera_Demo.runs/impl_1/runme.log
launch_runs impl_1 -to_step write_bitstream -jobs 2
[Fri Jul 31 23:08:23 2020] Launched impl_1...
Run output will be captured here: C:/Users/sciencelight/vivado/my_project_try1/Camera_Demo.runs/impl_1/runme.log
reset_run synth_1
launch_runs synth_1 -jobs 2
[Fri Jul 31 23:13:28 2020] Launched synth_1...
Run output will be captured here: C:/Users/sciencelight/vivado/my_project_try1/Camera_Demo.runs/synth_1/runme.log
launch_runs impl_1 -jobs 2
[Fri Jul 31 23:15:10 2020] Launched impl_1...
Run output will be captured here: C:/Users/sciencelight/vivado/my_project_try1/Camera_Demo.runs/impl_1/runme.log
launch_runs impl_1 -to_step write_bitstream -jobs 2
[Fri Jul 31 23:17:59 2020] Launched impl_1...
Run output will be captured here: C:/Users/sciencelight/vivado/my_project_try1/Camera_Demo.runs/impl_1/runme.log
reset_run synth_1
launch_runs synth_1 -jobs 2
[Fri Jul 31 23:24:31 2020] Launched synth_1...
Run output will be captured here: C:/Users/sciencelight/vivado/my_project_try1/Camera_Demo.runs/synth_1/runme.log
launch_runs impl_1 -jobs 2
[Fri Jul 31 23:26:25 2020] Launched impl_1...
Run output will be captured here: C:/Users/sciencelight/vivado/my_project_try1/Camera_Demo.runs/impl_1/runme.log
launch_runs impl_1 -to_step write_bitstream -jobs 2
[Fri Jul 31 23:28:16 2020] Launched impl_1...
Run output will be captured here: C:/Users/sciencelight/vivado/my_project_try1/Camera_Demo.runs/impl_1/runme.log
reset_run synth_1
launch_runs synth_1 -jobs 2
[Fri Jul 31 23:51:27 2020] Launched synth_1...
Run output will be captured here: C:/Users/sciencelight/vivado/my_project_try1/Camera_Demo.runs/synth_1/runme.log
launch_runs impl_1 -jobs 2
[Fri Jul 31 23:52:41 2020] Launched impl_1...
Run output will be captured here: C:/Users/sciencelight/vivado/my_project_try1/Camera_Demo.runs/impl_1/runme.log
launch_runs impl_1 -to_step write_bitstream -jobs 2
[Fri Jul 31 23:54:32 2020] Launched impl_1...
Run output will be captured here: C:/Users/sciencelight/vivado/my_project_try1/Camera_Demo.runs/impl_1/runme.log
exit
INFO: [Common 17-206] Exiting Vivado at Sat Aug  1 00:09:33 2020...
