#-----------------------------------------------------------
# Vivado v2019.1 (64-bit)
# SW Build 2552052 on Fri May 24 14:49:42 MDT 2019
# IP Build 2548770 on Fri May 24 18:01:18 MDT 2019
# Start of session at: Thu Jul 30 11:24:12 2020
# Process ID: 2280
# Current directory: C:/Users/sciencelight/vivado/wei-Camera_Demo/Camera_Demo
# Command line: vivado.exe -gui_launcher_event rodinguilauncherevent14680 C:\Users\sciencelight\vivado\wei-Camera_Demo\Camera_Demo\Camera_Demo.xpr
# Log file: C:/Users/sciencelight/vivado/wei-Camera_Demo/Camera_Demo/vivado.log
# Journal file: C:/Users/sciencelight/vivado/wei-Camera_Demo/Camera_Demo\vivado.jou
#-----------------------------------------------------------
start_gui
open_project C:/Users/sciencelight/vivado/wei-Camera_Demo/Camera_Demo/Camera_Demo.xpr
INFO: [Project 1-313] Project file moved from 'D:/saillingsi/camera/Camera_Demo' since last save.
CRITICAL WARNING: [Project 1-19] Could not find the file 'E:/FPGA-Demo-Project/Camera_Demo/tcl/Elimate_Constraints_Error.tcl'.
Scanning sources...
Finished scanning sources
WARNING: [filemgmt 56-2] IP Repository Path: Could not find the directory 'C:/Users/sciencelight/vivado/example/Examples/FPGA-IP/Frequency-Divider-IP/IP', nor could it be found using path 'D:/saillingsi/example/Examples/FPGA-IP/Frequency-Divider-IP/IP'.
WARNING: [filemgmt 56-2] IP Repository Path: Could not find the directory 'C:/Users/sciencelight/vivado/example/Examples/FPGA-IP/LED-IP/RGB-LED-Task-IP', nor could it be found using path 'D:/saillingsi/example/Examples/FPGA-IP/LED-IP/RGB-LED-Task-IP'.
INFO: [IP_Flow 19-234] Refreshing IP repositories
INFO: [IP_Flow 19-1700] Loaded user IP repository 'c:/Users/sciencelight/vivado/wei-Camera_Demo/Camera_Demo/IP_Core'.
WARNING: [IP_Flow 19-2248] Failed to load user IP repository 'c:/Users/sciencelight/vivado/example/Examples/FPGA-IP/Frequency-Divider-IP/IP'; Can't find the specified path.
If this directory should no longer be in your list of user repositories, go to the IP Settings dialog and remove it.
WARNING: [IP_Flow 19-2248] Failed to load user IP repository 'c:/Users/sciencelight/vivado/example/Examples/FPGA-IP/LED-IP/RGB-LED-Task-IP'; Can't find the specified path.
If this directory should no longer be in your list of user repositories, go to the IP Settings dialog and remove it.
INFO: [IP_Flow 19-2313] Loaded Vivado IP repository 'D:/xilinx/Vivado/2019.1/data/ip'.
WARNING: [IP_Flow 19-2162] IP 'AXIS_Data_RAM' is locked:
* IP definition 'Block Memory Generator (8.4)' for IP 'AXIS_Data_RAM' (customized with software release 2018.3) has a different revision in the IP Catalog.
WARNING: [IP_Flow 19-2162] IP 'RAM_Line' is locked:
* IP definition 'Block Memory Generator (8.4)' for IP 'RAM_Line' (customized with software release 2018.3) has a different revision in the IP Catalog.
WARNING: [IP_Flow 19-2162] IP 'clk_wiz_0' is locked:
* IP definition 'Clocking Wizard (6.0)' for IP 'clk_wiz_0' (customized with software release 2018.3) has a different revision in the IP Catalog.
WARNING: [IP_Flow 19-2162] IP 'clk_wiz_1' is locked:
* IP definition 'Clocking Wizard (6.0)' for IP 'clk_wiz_1' (customized with software release 2018.3) has a different revision in the IP Catalog.
WARNING: [IP_Flow 19-2162] IP 'Clk_Division_0' is locked:
* IP definition 'Clk_Division (1.0)' for IP 'Clk_Division_0' (customized with software release 2018.3) was not found in the IP Catalog.
WARNING: [IP_Flow 19-2162] IP 'Clk_Division_1' is locked:
* IP definition 'Clk_Division (1.0)' for IP 'Clk_Division_1' (customized with software release 2018.3) was not found in the IP Catalog.
WARNING: [IP_Flow 19-2162] IP 'RGB_LED_Task_0' is locked:
* IP definition 'RGB_LED_Task (1.0)' for IP 'RGB_LED_Task_0' (customized with software release 2018.3) was not found in the IP Catalog.
INFO: [Project 1-230] Project 'Camera_Demo.xpr' upgraded for this version of Vivado.
open_project: Time (s): cpu = 00:00:19 ; elapsed = 00:00:12 . Memory (MB): peak = 737.066 ; gain = 122.211
report_ip_status -name ip_status 
update_compile_order -fileset sources_1
upgrade_ip -srcset AXIS_Data_RAM [get_ips  {AXIS_Data_RAM RAM_Line clk_wiz_0 clk_wiz_1}] -log ip_upgrade.log
Upgrading 'AXIS_Data_RAM'
INFO: [Project 1-386] Moving file 'C:/Users/sciencelight/vivado/wei-Camera_Demo/Camera_Demo/Camera_Demo.srcs/sources_1/ip/AXIS_Data_RAM/AXIS_Data_RAM.xci' from fileset 'AXIS_Data_RAM' to fileset 'sources_1'.
INFO: [IP_Flow 19-3422] Upgraded AXIS_Data_RAM (Block Memory Generator 8.4) from revision 2 to revision 3
INFO: [IP_Flow 19-1686] Generating 'Instantiation Template' target for IP 'AXIS_Data_RAM'...
Upgrading 'RAM_Line'
INFO: [Project 1-386] Moving file 'C:/Users/sciencelight/vivado/wei-Camera_Demo/Camera_Demo/Camera_Demo.srcs/sources_1/ip/RAM_Line/RAM_Line.xci' from fileset 'RAM_Line' to fileset 'sources_1'.
INFO: [IP_Flow 19-3422] Upgraded RAM_Line (Block Memory Generator 8.4) from revision 2 to revision 3
INFO: [IP_Flow 19-1686] Generating 'Instantiation Template' target for IP 'RAM_Line'...
Upgrading 'clk_wiz_0'
INFO: [Project 1-386] Moving file 'C:/Users/sciencelight/vivado/wei-Camera_Demo/Camera_Demo/Camera_Demo.srcs/sources_1/ip/clk_wiz_0/clk_wiz_0.xci' from fileset 'clk_wiz_0' to fileset 'sources_1'.
INFO: [IP_Flow 19-3422] Upgraded clk_wiz_0 (Clocking Wizard 6.0) from revision 2 to revision 3
INFO: [IP_Flow 19-1686] Generating 'Instantiation Template' target for IP 'clk_wiz_0'...
Upgrading 'clk_wiz_1'
INFO: [Project 1-386] Moving file 'C:/Users/sciencelight/vivado/wei-Camera_Demo/Camera_Demo/Camera_Demo.srcs/sources_1/ip/clk_wiz_1/clk_wiz_1.xci' from fileset 'clk_wiz_1' to fileset 'sources_1'.
INFO: [IP_Flow 19-3422] Upgraded clk_wiz_1 (Clocking Wizard 6.0) from revision 2 to revision 3
INFO: [IP_Flow 19-1686] Generating 'Instantiation Template' target for IP 'clk_wiz_1'...
INFO: [Coretcl 2-1525] Wrote upgrade log to 'C:/Users/sciencelight/vivado/wei-Camera_Demo/Camera_Demo/ip_upgrade.log'.
upgrade_ip: Time (s): cpu = 00:00:21 ; elapsed = 00:00:17 . Memory (MB): peak = 1026.539 ; gain = 0.000
export_ip_user_files -of_objects [get_ips {AXIS_Data_RAM RAM_Line clk_wiz_0 clk_wiz_1}] -no_script -sync -force -quiet
update_compile_order -fileset sources_1
exit
INFO: [Common 17-206] Exiting Vivado at Thu Jul 30 17:29:24 2020...
