#-----------------------------------------------------------
# Vivado v2019.1 (64-bit)
# SW Build 2552052 on Fri May 24 14:49:42 MDT 2019
# IP Build 2548770 on Fri May 24 18:01:18 MDT 2019
# Start of session at: Fri Jul 31 11:24:32 2020
# Process ID: 16244
# Current directory: C:/Users/sciencelight/vivado/wei-Camera_Demo/Camera_Demo
# Command line: vivado.exe -gui_launcher_event rodinguilauncherevent764 C:\Users\sciencelight\vivado\wei-Camera_Demo\Camera_Demo\Camera_Demo.xpr
# Log file: C:/Users/sciencelight/vivado/wei-Camera_Demo/Camera_Demo/vivado.log
# Journal file: C:/Users/sciencelight/vivado/wei-Camera_Demo/Camera_Demo\vivado.jou
#-----------------------------------------------------------
start_gui
open_project C:/Users/sciencelight/vivado/wei-Camera_Demo/Camera_Demo/Camera_Demo.xpr
CRITICAL WARNING: [Project 1-19] Could not find the file 'E:/FPGA-Demo-Project/Camera_Demo/tcl/Elimate_Constraints_Error.tcl'.
Scanning sources...
Finished scanning sources
WARNING: [filemgmt 56-3] IP Repository Path: Could not find the directory 'C:/Users/sciencelight/vivado/example/Examples/FPGA-IP/Frequency-Divider-IP/IP'.
WARNING: [filemgmt 56-3] IP Repository Path: Could not find the directory 'C:/Users/sciencelight/vivado/example/Examples/FPGA-IP/LED-IP/RGB-LED-Task-IP'.
INFO: [IP_Flow 19-234] Refreshing IP repositories
INFO: [IP_Flow 19-1700] Loaded user IP repository 'c:/Users/sciencelight/vivado/wei-Camera_Demo/Camera_Demo/IP_Core'.
WARNING: [IP_Flow 19-2248] Failed to load user IP repository 'c:/Users/sciencelight/vivado/example/Examples/FPGA-IP/Frequency-Divider-IP/IP'; Can't find the specified path.
If this directory should no longer be in your list of user repositories, go to the IP Settings dialog and remove it.
WARNING: [IP_Flow 19-2248] Failed to load user IP repository 'c:/Users/sciencelight/vivado/example/Examples/FPGA-IP/LED-IP/RGB-LED-Task-IP'; Can't find the specified path.
If this directory should no longer be in your list of user repositories, go to the IP Settings dialog and remove it.
INFO: [IP_Flow 19-2313] Loaded Vivado IP repository 'D:/xilinx/Vivado/2019.1/data/ip'.
WARNING: [IP_Flow 19-2162] IP 'Clk_Division_0' is locked:
* IP definition 'Clk_Division (1.0)' for IP 'Clk_Division_0' (customized with software release 2018.3) was not found in the IP Catalog.
WARNING: [IP_Flow 19-2162] IP 'Clk_Division_1' is locked:
* IP definition 'Clk_Division (1.0)' for IP 'Clk_Division_1' (customized with software release 2018.3) was not found in the IP Catalog.
WARNING: [IP_Flow 19-2162] IP 'RGB_LED_Task_0' is locked:
* IP definition 'RGB_LED_Task (1.0)' for IP 'RGB_LED_Task_0' (customized with software release 2018.3) was not found in the IP Catalog.
open_project: Time (s): cpu = 00:00:17 ; elapsed = 00:00:11 . Memory (MB): peak = 711.305 ; gain = 98.719
update_compile_order -fileset sources_1
report_ip_status -name ip_status 
exit
INFO: [Common 17-206] Exiting Vivado at Fri Jul 31 11:45:26 2020...
