Copyright 1986-2019 Xilinx, Inc. All Rights Reserved.
----------------------------------------------------------------------------------------
| Tool Version : Vivado v.2019.1 (win64) Build 2552052 Fri May 24 14:49:42 MDT 2019
| Date         : Sat Aug  1 10:07:39 2020
| Host         : DESKTOP-0MM2JK8 running 64-bit major release  (build 9200)
| Command      : report_control_sets -verbose -file Camera_Demo_control_sets_placed.rpt
| Design       : Camera_Demo
| Device       : xc7s15
----------------------------------------------------------------------------------------

Control Set Information

Table of Contents
-----------------
1. Summary
2. Histogram
3. Flip-Flop Distribution
4. Detailed Control Set Information

1. Summary
----------

+----------------------------------------------------------+-------+
|                          Status                          | Count |
+----------------------------------------------------------+-------+
| Total control sets                                       |    46 |
|    Minimum number of control sets                        |    46 |
|    Addition due to synthesis replication                 |     0 |
|    Addition due to physical synthesis replication        |     0 |
| Unused register locations in slices containing registers |   153 |
+----------------------------------------------------------+-------+
* Control sets can be merged at opt_design using control_set_merge or merge_equivalent_drivers
** Run report_qor_suggestions for automated merging and remapping suggestions


2. Histogram
------------

+--------------------+-------+
|       Fanout       | Count |
+--------------------+-------+
| Total control sets |    46 |
| >= 0 to < 4        |     7 |
| >= 4 to < 6        |     6 |
| >= 6 to < 8        |     1 |
| >= 8 to < 10       |     8 |
| >= 10 to < 12      |     7 |
| >= 12 to < 14      |     2 |
| >= 14 to < 16      |     0 |
| >= 16              |    15 |
+--------------------+-------+
* Control sets can be remapped at either synth_design or opt_design


3. Flip-Flop Distribution
-------------------------

+--------------+-----------------------+------------------------+-----------------+--------------+
| Clock Enable | Synchronous Set/Reset | Asynchronous Set/Reset | Total Registers | Total Slices |
+--------------+-----------------------+------------------------+-----------------+--------------+
| No           | No                    | No                     |             455 |          134 |
| No           | No                    | Yes                    |             127 |           36 |
| No           | Yes                   | No                     |             105 |           36 |
| Yes          | No                    | No                     |             164 |           52 |
| Yes          | No                    | Yes                    |              31 |            7 |
| Yes          | Yes                   | No                     |             165 |           43 |
+--------------+-----------------------+------------------------+-----------------+--------------+


4. Detailed Control Set Information
-----------------------------------

+--------------------------------------------------------+------------------------------------------------------------------------------+----------------------------------------------------------------------------------------+------------------+----------------+
|                      Clock Signal                      |                                 Enable Signal                                |                                    Set/Reset Signal                                    | Slice Load Count | Bel Load Count |
+--------------------------------------------------------+------------------------------------------------------------------------------+----------------------------------------------------------------------------------------+------------------+----------------+
|  MIPI_Trans_Driver/Data_Read/U0/clock_system_inst/pclk |                                                                              |                                                                                        |                1 |              1 |
|  clk_10/inst/clk_out1                                  | MIPI_Camera_IIC/iic_sda_o_i_1_n_0                                            | MIPI_Camera_Driver/OV5647/i_rst                                                        |                1 |              1 |
|  Clk_Division0/inst/Clk                                | RGB_LED_Task0/Driver_SK6805_0/LED_IO_i_1_n_0                                 |                                                                                        |                1 |              1 |
|  clk_10/inst/clk_out1                                  |                                                                              |                                                                                        |                1 |              1 |
|  MIPI_Trans_Driver/camera_clock/inst/clk_out1          |                                                                              | Mini_HDMI_Driver/U0/ClockGenInternal.ClockGenX/LockLostReset/aRst_int_0                |                1 |              2 |
|  Clk_Division0/inst/Clk                                |                                                                              |                                                                                        |                2 |              2 |
|  MIPI_Trans_Driver/camera_clock/inst/clk_out1          |                                                                              | Mini_HDMI_Driver/U0/ClockGenInternal.ClockGenX/in0                                     |                1 |              2 |
|  MIPI_Trans_Driver/camera_clock/inst/clk_out1          |                                                                              | Mini_HDMI_Driver/U0/ClockGenInternal.ClockGenX/LockLostReset/SyncAsyncx/oSyncStages[1] |                1 |              4 |
|  MIPI_Trans_Driver/camera_clock/inst/clk_out1          | MIPI_Trans_Driver/Driver_Csi_To_Dvp0/vid_active_video_o0                     | MIPI_Trans_Driver/Driver_Csi_To_Dvp0/unpack_cnt                                        |                1 |              4 |
|  clk_10/inst/clk_out2                                  | MIPI_Trans_Driver/Data_Read/U0/clock_system_inst/end_dly_0                   |                                                                                        |                1 |              5 |
|  clk_10/inst/clk_out2                                  | MIPI_Trans_Driver/Data_Read/U0/clock_system_inst/curr_delay                  |                                                                                        |                3 |              5 |
|  clk_10/inst/clk_out2                                  | MIPI_Trans_Driver/Data_Read/U0/clock_system_inst/sum_dly                     |                                                                                        |                2 |              5 |
|  clk_10/inst/clk_out2                                  | MIPI_Trans_Driver/Data_Read/U0/clock_system_inst/start_dly_1                 |                                                                                        |                1 |              5 |
|  clk_10/inst/clk_out1                                  | MIPI_Camera_Driver/initial_cnt[6]_i_1_n_0                                    | MIPI_Camera_Driver/OV5647/i_rst                                                        |                2 |              7 |
|  MIPI_Trans_Driver/camera_clock/inst/clk_out1          | MIPI_Trans_Driver/Driver_Bayer_To_RGB0/vde_o_reg_2[0]                        | ga1/cnt[30]_i_1_n_0                                                                    |                2 |              8 |
|  MIPI_Trans_Driver/Data_Read/U0/clock_system_inst/CLK  | MIPI_Trans_Driver/Data_To_Csi/U0/lane_align_inst/data_shift[1]_0             |                                                                                        |                3 |              8 |
|  MIPI_Trans_Driver/Data_Read/U0/clock_system_inst/CLK  | MIPI_Trans_Driver/Data_To_Csi/U0/lane_align_inst/to_cnt[1]_1                 | MIPI_Trans_Driver/Data_To_Csi/U0/lane_align_inst/p_5_out[1]                            |                2 |              8 |
|  MIPI_Trans_Driver/Data_Read/U0/clock_system_inst/CLK  | MIPI_Trans_Driver/Data_To_Csi/U0/lane_align_inst/to_cnt[0]_2                 | MIPI_Trans_Driver/Data_To_Csi/U0/lane_align_inst/p_5_out[0]                            |                3 |              8 |
|  MIPI_Trans_Driver/camera_clock/inst/clk_out1          | MIPI_Trans_Driver/Driver_Bayer_To_RGB0/vde_o_reg_1[0]                        | ga1/cnt[30]_i_1_n_0                                                                    |                3 |              8 |
|  MIPI_Trans_Driver/Data_Read/U0/clock_system_inst/CLK  | MIPI_Trans_Driver/Data_To_Csi/U0/parser_inst/packet_size[15]                 |                                                                                        |                2 |              8 |
|  MIPI_Trans_Driver/camera_clock/inst/clk_out1          | MIPI_Trans_Driver/Driver_Bayer_To_RGB0/E[0]                                  | ga1/cnt[30]_i_1_n_0                                                                    |                2 |              8 |
|  Clk_Division0/inst/Clk                                | RGB_LED_Task0/Driver_SK6805_0/Data_Cnt[8]_i_1_n_0                            |                                                                                        |                3 |              9 |
|  MIPI_Trans_Driver/Data_Read/U0/clock_system_inst/CLK  | MIPI_Trans_Driver/Driver_Csi_To_Dvp0/axis_tvalid_i_reg_n_0_[0]               | MIPI_Trans_Driver/Driver_Csi_To_Dvp0/flg_down_valid                                    |                2 |             10 |
|  Clk_Division0/inst/Clk                                | RGB_LED_Task0/Driver_SK6805_0/Send_Cnt[9]_i_1_n_0                            |                                                                                        |                4 |             10 |
|  MIPI_Trans_Driver/camera_clock/inst/clk_out1          | MIPI_Trans_Driver/Driver_Csi_To_Dvp0/vdata                                   | MIPI_Trans_Driver/Driver_Csi_To_Dvp0/vdata[9]_i_1_n_0                                  |                3 |             10 |
|  MIPI_Trans_Driver/camera_clock/inst/clk_out1          |                                                                              | Mini_HDMI_Driver/U0/DataEncoders[0].DataEncoder/pDataOutRaw[9]_i_1__1_n_0              |                4 |             10 |
|  MIPI_Trans_Driver/camera_clock/inst/clk_out1          |                                                                              | MIPI_Trans_Driver/Driver_Csi_To_Dvp0/flg_rise_frame                                    |                4 |             11 |
|  MIPI_Trans_Driver/camera_clock/inst/clk_out1          | MIPI_Trans_Driver/Driver_Bayer_To_RGB0/sel                                   | MIPI_Trans_Driver/Driver_Bayer_To_RGB0/addr_bram[10]_i_1_n_0                           |                2 |             11 |
|  MIPI_Trans_Driver/camera_clock/inst/clk_out1          | MIPI_Trans_Driver/Driver_Csi_To_Dvp0/vid_active_video_o0                     | MIPI_Trans_Driver/Driver_Csi_To_Dvp0/addrb_0                                           |                3 |             11 |
|  clk_10/inst/clk_out2                                  |                                                                              |                                                                                        |                7 |             13 |
|  clk_10/inst/clk_out2                                  | MIPI_Trans_Driver/Data_Read/U0/clock_system_inst/wait_cnt                    | MIPI_Trans_Driver/Data_Read/U0/clock_system_inst/dly_gen.wait_cnt[12]_i_1_n_0          |                3 |             13 |
|  MIPI_Trans_Driver/Data_Read/U0/clock_system_inst/CLK  | MIPI_Trans_Driver/Data_To_Csi/U0/parser_inst/transfer_cnt[15]_i_2_n_0        | MIPI_Trans_Driver/Data_To_Csi/U0/parser_inst/transfer_cnt[15]_i_1_n_0                  |                4 |             16 |
|  MIPI_Trans_Driver/Data_Read/U0/clock_system_inst/CLK  | MIPI_Trans_Driver/Data_To_Csi/U0/parser_inst/packet_size[7]                  |                                                                                        |                6 |             16 |
| ~MIPI_Trans_Driver/Data_Read/U0/clock_system_inst/CLK  |                                                                              |                                                                                        |                4 |             17 |
|  clk_10/inst/clk_out2                                  | MIPI_Trans_Driver/Data_Read/U0/clock_system_inst/dly_gen.acc_cnt[19]_i_1_n_0 |                                                                                        |                5 |             20 |
|  clk_10/inst/clk_out2                                  |                                                                              | MIPI_Trans_Driver/Data_Read/U0/clock_system_inst/dly_gen.acc_cnt[19]_i_1_n_0           |                6 |             20 |
|  clk_10/inst/clk_out2                                  | MIPI_Trans_Driver/Data_Read/U0/clock_system_inst/dly_gen.acc_val[0]_i_1_n_0  | MIPI_Trans_Driver/Data_Read/U0/clock_system_inst/dly_gen.acc_cnt[19]_i_1_n_0           |                5 |             20 |
|  clk_10/inst/clk_out1                                  | MIPI_Camera_Driver/flg_data_ok_i_1_n_0                                       | MIPI_Camera_Driver/OV5647/i_rst                                                        |                4 |             23 |
|  MIPI_Trans_Driver/camera_clock/inst/clk_out1          | MIPI_Trans_Driver/Driver_Bayer_To_RGB0/rgb_data_g[9]_i_1_n_0                 |                                                                                        |                6 |             24 |
|  MIPI_Trans_Driver/camera_clock/inst/clk_out1          | MIPI_Trans_Driver/Driver_Bayer_To_RGB0/vde_o_reg_0                           | ga1/cnt[30]_i_1_n_0                                                                    |                8 |             30 |
|  clk_10/inst/clk_out1                                  |                                                                              | Clk_Division0/inst/Count[0]_i_1_n_0                                                    |                8 |             32 |
|  MIPI_Trans_Driver/camera_clock/inst/clk_out1          |                                                                              | Mini_HDMI_Driver/U0/DataEncoders[0].DataEncoder/SR[0]                                  |               14 |             32 |
|  MIPI_Trans_Driver/Data_Read/U0/clock_system_inst/CLK  | MIPI_Trans_Driver/Data_Read/U0/dl0_rxvalidhs                                 |                                                                                        |               15 |             48 |
|  clk_10/inst/clk_out1                                  |                                                                              | MIPI_Camera_Driver/OV5647/i_rst                                                        |               33 |            119 |
|  MIPI_Trans_Driver/Data_Read/U0/clock_system_inst/CLK  |                                                                              |                                                                                        |               39 |            140 |
|  MIPI_Trans_Driver/camera_clock/inst/clk_out1          |                                                                              |                                                                                        |               80 |            293 |
+--------------------------------------------------------+------------------------------------------------------------------------------+----------------------------------------------------------------------------------------+------------------+----------------+


